<?xml version="1.0" encoding="UTF-8"?>
<!-- Generated by org.testng.reporters.JUnitReportReporter -->
<testsuite skipped="0" hostname="NGBLR-00514" name="Git.Jenkins.Class_A" tests="1" failures="0" timestamp="03 Apr 2019 14:40:35 GMT" time="5.803" errors="0">
  <testcase name="launchfb" time="5.803" classname="Git.Jenkins.Class_A"/>
</testsuite> <!-- Git.Jenkins.Class_A -->
