<?xml version="1.0" encoding="UTF-8"?>
<!-- Generated by org.testng.reporters.JUnitReportReporter -->
<testsuite skipped="0" hostname="NGBLR-00514" name="Com.Git.Jenkins.Class_A" tests="1" failures="0" timestamp="04 Apr 2019 05:45:04 GMT" time="8.116" errors="0">
  <testcase name="launchfb" time="8.116" classname="Com.Git.Jenkins.Class_A"/>
</testsuite> <!-- Com.Git.Jenkins.Class_A -->
